[INFO] Scanning for projects...
[INFO] 
[INFO] -------------< com.resourceManagement:resourceManagement >--------------
[INFO] Building resourceManagement 0.0.1-SNAPSHOT
[INFO]   from pom.xml
[INFO] --------------------------------[ jar ]---------------------------------
[INFO] 
[INFO] --- resources:3.3.1:resources (default-resources) @ resourceManagement ---
[INFO] Copying 2 resources from src\main\resources to target\classes
[INFO] Copying 0 resource from src\main\resources to target\classes
[INFO] 
[INFO] --- compiler:3.14.1:compile (default-compile) @ resourceManagement ---
[INFO] Recompiling the module because of changed source code.
[INFO] Compiling 76 source files with javac [debug parameters release 17] to target\classes
[INFO] -------------------------------------------------------------
[ERROR] COMPILATION ERROR : 
[INFO] -------------------------------------------------------------
[ERROR] /C:/Users/LENOVO/Documents/MAGANG INDIVARA/resourceManagement/backend/src/main/java/com/resourceManagement/service/dashboard/DashboardService.java:[28,19] cannot find symbol
  symbol:   class ResourceRepository
  location: class com.resourceManagement.service.dashboard.DashboardService
[ERROR] /C:/Users/LENOVO/Documents/MAGANG INDIVARA/resourceManagement/backend/src/main/java/com/resourceManagement/service/dashboard/DashboardService.java:[29,19] cannot find symbol
  symbol:   class ProjectRepository
  location: class com.resourceManagement.service.dashboard.DashboardService
[ERROR] /C:/Users/LENOVO/Documents/MAGANG INDIVARA/resourceManagement/backend/src/main/java/com/resourceManagement/service/dashboard/DashboardService.java:[30,19] cannot find symbol
  symbol:   class ResourceAssignmentRepository
  location: class com.resourceManagement.service.dashboard.DashboardService
[ERROR] /C:/Users/LENOVO/Documents/MAGANG INDIVARA/resourceManagement/backend/src/main/java/com/resourceManagement/service/dashboard/DashboardService.java:[25,1] cannot find symbol
  symbol:   class ResourceRepository
  location: class com.resourceManagement.service.dashboard.DashboardService
[INFO] 4 errors 
[INFO] -------------------------------------------------------------
[INFO] ------------------------------------------------------------------------
[INFO] BUILD FAILURE
[INFO] ------------------------------------------------------------------------
[INFO] Total time:  5.528 s
[INFO] Finished at: 2026-01-24T00:35:49+07:00
[INFO] ------------------------------------------------------------------------
[ERROR] Failed to execute goal org.apache.maven.plugins:maven-compiler-plugin:3.14.1:compile (default-compile) on project resourceManagement: Compilation failure: Compilation failure: 
[ERROR] /C:/Users/LENOVO/Documents/MAGANG INDIVARA/resourceManagement/backend/src/main/java/com/resourceManagement/service/dashboard/DashboardService.java:[28,19] cannot find symbol
[ERROR]   symbol:   class ResourceRepository
[ERROR]   location: class com.resourceManagement.service.dashboard.DashboardService
[ERROR] /C:/Users/LENOVO/Documents/MAGANG INDIVARA/resourceManagement/backend/src/main/java/com/resourceManagement/service/dashboard/DashboardService.java:[29,19] cannot find symbol
[ERROR]   symbol:   class ProjectRepository
[ERROR]   location: class com.resourceManagement.service.dashboard.DashboardService
[ERROR] /C:/Users/LENOVO/Documents/MAGANG INDIVARA/resourceManagement/backend/src/main/java/com/resourceManagement/service/dashboard/DashboardService.java:[30,19] cannot find symbol
[ERROR]   symbol:   class ResourceAssignmentRepository
[ERROR]   location: class com.resourceManagement.service.dashboard.DashboardService
[ERROR] /C:/Users/LENOVO/Documents/MAGANG INDIVARA/resourceManagement/backend/src/main/java/com/resourceManagement/service/dashboard/DashboardService.java:[25,1] cannot find symbol
[ERROR]   symbol:   class ResourceRepository
[ERROR]   location: class com.resourceManagement.service.dashboard.DashboardService
[ERROR] -> [Help 1]
[ERROR] 
[ERROR] To see the full stack trace of the errors, re-run Maven with the -e switch.
[ERROR] Re-run Maven using the -X switch to enable full debug logging.
[ERROR] 
[ERROR] For more information about the errors and possible solutions, please read the following articles:
[ERROR] [Help 1] http://cwiki.apache.org/confluence/display/MAVEN/MojoFailureException
